TN:
SF:jest-stubs\angular-core.stub.ts
FN:1,(anonymous_0)
FN:1,(anonymous_1)
FN:2,(anonymous_2)
FNF:3
FNH:3
FNDA:10,(anonymous_0)
FNDA:10,(anonymous_1)
FNDA:4,(anonymous_2)
DA:1,10
DA:2,5
LF:2
LH:2
BRF:0
BRH:0
end_of_record
TN:
SF:src\app\config\firebase.config.ts
FNF:0
FNH:0
DA:2,1
DA:3,1
DA:7,1
DA:18,1
DA:26,1
DA:27,1
DA:28,1
DA:29,1
DA:30,1
DA:31,1
DA:32,1
DA:33,1
DA:34,1
DA:35,1
DA:36,1
DA:37,1
DA:40,1
DA:43,1
DA:45,1
DA:46,0
DA:48,0
DA:49,0
DA:50,0
DA:51,0
DA:53,0
DA:54,0
DA:56,0
DA:59,0
DA:61,0
DA:62,0
DA:65,1
DA:68,1
LF:32
LH:21
BRDA:18,0,0,1
BRDA:18,0,1,1
BRDA:18,0,2,1
BRDA:18,0,3,1
BRDA:18,0,4,1
BRDA:18,0,5,1
BRDA:18,0,6,1
BRDA:26,1,0,1
BRDA:45,2,0,0
BRDA:45,2,1,1
BRDA:49,3,0,0
BRDA:49,3,1,0
BRF:12
BRH:9
end_of_record
TN:
SF:src\app\core\models\player.model.ts
FN:97,(anonymous_0)
FN:105,(anonymous_1)
FNF:2
FNH:2
FNDA:1,(anonymous_0)
FNDA:1,(anonymous_1)
DA:97,1
DA:98,1
DA:99,1
DA:100,1
DA:101,1
DA:102,1
DA:105,1
DA:106,1
DA:107,1
DA:108,1
DA:109,1
DA:110,1
DA:111,1
DA:112,1
DA:113,1
DA:114,1
DA:115,1
DA:116,1
DA:156,1
DA:177,1
LF:20
LH:20
BRDA:97,0,0,1
BRDA:97,0,1,1
BRDA:105,1,0,1
BRDA:105,1,1,1
BRF:4
BRH:4
end_of_record
TN:
SF:src\app\core\services\fund-analytics.service.ts
FN:12,(anonymous_0)
FN:13,(anonymous_1)
FN:13,(anonymous_2)
FN:14,(anonymous_3)
FN:14,(anonymous_4)
FN:23,(anonymous_5)
FN:33,(anonymous_6)
FN:35,(anonymous_7)
FN:41,(anonymous_8)
FN:42,(anonymous_9)
FN:43,(anonymous_10)
FN:47,(anonymous_11)
FN:48,(anonymous_12)
FN:49,(anonymous_13)
FN:58,(anonymous_14)
FN:73,(anonymous_15)
FN:74,(anonymous_16)
FN:76,(anonymous_17)
FN:79,(anonymous_18)
FN:82,(anonymous_19)
FN:86,(anonymous_20)
FN:87,(anonymous_21)
FNF:22
FNH:22
FNDA:2,(anonymous_0)
FNDA:7,(anonymous_1)
FNDA:4,(anonymous_2)
FNDA:7,(anonymous_3)
FNDA:3,(anonymous_4)
FNDA:2,(anonymous_5)
FNDA:2,(anonymous_6)
FNDA:7,(anonymous_7)
FNDA:2,(anonymous_8)
FNDA:2,(anonymous_9)
FNDA:2,(anonymous_10)
FNDA:7,(anonymous_11)
FNDA:7,(anonymous_12)
FNDA:7,(anonymous_13)
FNDA:2,(anonymous_14)
FNDA:4,(anonymous_15)
FNDA:14,(anonymous_16)
FNDA:7,(anonymous_17)
FNDA:2,(anonymous_18)
FNDA:7,(anonymous_19)
FNDA:2,(anonymous_20)
FNDA:1,(anonymous_21)
DA:1,1
DA:11,1
DA:13,7
DA:14,7
DA:15,2
DA:24,2
DA:34,2
DA:35,2
DA:36,7
DA:37,7
DA:38,7
DA:39,7
DA:41,2
DA:42,2
DA:43,2
DA:46,2
DA:47,7
DA:48,7
DA:49,7
DA:55,2
DA:59,2
DA:60,2
DA:61,2
DA:62,2
DA:63,2
DA:74,14
DA:75,4
DA:76,7
DA:80,2
DA:81,2
DA:82,2
DA:83,7
DA:84,7
DA:86,2
DA:87,2
DA:88,2
LF:36
LH:36
BRDA:29,0,0,2
BRDA:29,0,1,0
BRDA:37,1,0,2
BRDA:39,2,0,4
BRDA:39,2,1,3
BRDA:47,3,0,7
BRDA:47,3,1,7
BRDA:52,4,0,7
BRDA:52,4,1,0
BRDA:67,5,0,2
BRDA:67,5,1,0
BRDA:75,6,0,0
BRDA:83,7,0,4
BRDA:83,7,1,3
BRDA:84,8,0,7
BRDA:84,8,1,7
BRDA:89,9,0,2
BRDA:89,9,1,0
BRDA:90,10,0,2
BRDA:90,10,1,0
BRF:20
BRH:14
end_of_record
TN:
SF:src\app\core\services\player-advanced-stats.service.ts
FN:13,(anonymous_0)
FN:14,(anonymous_1)
FN:28,(anonymous_2)
FN:29,(anonymous_3)
FN:29,(anonymous_4)
FN:29,(anonymous_5)
FN:32,(anonymous_6)
FN:34,(anonymous_7)
FN:35,(anonymous_8)
FN:36,(anonymous_9)
FN:42,(anonymous_10)
FN:43,(anonymous_11)
FN:44,(anonymous_12)
FN:45,(anonymous_13)
FN:47,(anonymous_14)
FN:48,(anonymous_15)
FN:49,(anonymous_16)
FN:50,(anonymous_17)
FN:67,(anonymous_18)
FN:69,(anonymous_19)
FN:70,(anonymous_20)
FN:71,(anonymous_21)
FN:77,(anonymous_22)
FN:78,(anonymous_23)
FN:80,(anonymous_24)
FN:81,(anonymous_25)
FN:92,(anonymous_26)
FN:95,(anonymous_27)
FN:96,(anonymous_28)
FN:101,(anonymous_29)
FN:102,(anonymous_30)
FN:103,(anonymous_31)
FN:103,(anonymous_32)
FN:105,(anonymous_33)
FN:106,(anonymous_34)
FN:112,(anonymous_35)
FN:113,(anonymous_36)
FN:118,(anonymous_37)
FN:119,(anonymous_38)
FN:128,(anonymous_39)
FN:129,(anonymous_40)
FN:135,(anonymous_41)
FN:136,(anonymous_42)
FN:137,(anonymous_43)
FN:138,(anonymous_44)
FN:140,(anonymous_45)
FN:141,(anonymous_46)
FN:142,(anonymous_47)
FN:143,(anonymous_48)
FN:145,(anonymous_49)
FN:146,(anonymous_50)
FN:147,(anonymous_51)
FN:148,(anonymous_52)
FNF:53
FNH:38
FNDA:3,(anonymous_0)
FNDA:5,(anonymous_1)
FNDA:14,(anonymous_2)
FNDA:20,(anonymous_3)
FNDA:26,(anonymous_4)
FNDA:3,(anonymous_5)
FNDA:14,(anonymous_6)
FNDA:20,(anonymous_7)
FNDA:26,(anonymous_8)
FNDA:3,(anonymous_9)
FNDA:26,(anonymous_10)
FNDA:26,(anonymous_11)
FNDA:0,(anonymous_12)
FNDA:0,(anonymous_13)
FNDA:0,(anonymous_14)
FNDA:0,(anonymous_15)
FNDA:0,(anonymous_16)
FNDA:0,(anonymous_17)
FNDA:14,(anonymous_18)
FNDA:20,(anonymous_19)
FNDA:26,(anonymous_20)
FNDA:3,(anonymous_21)
FNDA:0,(anonymous_22)
FNDA:0,(anonymous_23)
FNDA:0,(anonymous_24)
FNDA:0,(anonymous_25)
FNDA:5,(anonymous_26)
FNDA:7,(anonymous_27)
FNDA:9,(anonymous_28)
FNDA:7,(anonymous_29)
FNDA:9,(anonymous_30)
FNDA:9,(anonymous_31)
FNDA:0,(anonymous_32)
FNDA:7,(anonymous_33)
FNDA:9,(anonymous_34)
FNDA:0,(anonymous_35)
FNDA:0,(anonymous_36)
FNDA:0,(anonymous_37)
FNDA:0,(anonymous_38)
FNDA:5,(anonymous_39)
FNDA:9,(anonymous_40)
FNDA:4,(anonymous_41)
FNDA:4,(anonymous_42)
FNDA:4,(anonymous_43)
FNDA:4,(anonymous_44)
FNDA:7,(anonymous_45)
FNDA:7,(anonymous_46)
FNDA:7,(anonymous_47)
FNDA:7,(anonymous_48)
FNDA:7,(anonymous_49)
FNDA:7,(anonymous_50)
FNDA:7,(anonymous_51)
FNDA:7,(anonymous_52)
DA:1,1
DA:12,1
DA:14,3
DA:15,5
DA:16,5
DA:29,26
DA:33,14
DA:34,14
DA:35,26
DA:36,20
DA:37,20
DA:38,20
DA:39,20
DA:40,20
DA:41,20
DA:42,26
DA:43,26
DA:44,17
DA:45,17
DA:47,3
DA:48,3
DA:49,3
DA:50,3
DA:53,14
DA:54,14
DA:68,14
DA:69,14
DA:70,26
DA:71,20
DA:72,20
DA:73,20
DA:74,20
DA:75,20
DA:76,20
DA:77,17
DA:78,17
DA:80,3
DA:81,3
DA:84,14
DA:93,5
DA:94,5
DA:95,5
DA:96,9
DA:97,7
DA:98,7
DA:99,7
DA:101,5
DA:102,9
DA:103,9
DA:105,5
DA:106,9
DA:107,7
DA:108,7
DA:109,7
DA:111,5
DA:112,5
DA:113,0
DA:114,0
DA:115,0
DA:116,0
DA:118,5
DA:119,0
DA:120,0
DA:121,0
DA:122,0
DA:124,5
DA:125,5
DA:129,5
DA:130,9
DA:131,9
DA:132,9
DA:133,9
DA:135,5
DA:136,5
DA:137,5
DA:138,5
DA:139,5
DA:140,7
DA:141,7
DA:142,7
DA:143,7
DA:145,7
DA:146,7
DA:147,7
DA:148,7
LF:85
LH:77
BRDA:18,0,0,5
BRDA:18,0,1,5
BRDA:29,1,0,20
BRDA:29,1,1,3
BRDA:36,2,0,20
BRDA:36,2,1,3
BRDA:37,3,0,0
BRDA:37,4,0,20
BRDA:37,4,1,3
BRDA:38,5,0,17
BRDA:38,5,1,3
BRDA:39,6,0,17
BRDA:39,6,1,3
BRDA:40,7,0,14
BRDA:40,7,1,6
BRDA:40,8,0,0
BRDA:40,8,1,6
BRDA:41,9,0,17
BRDA:41,9,1,3
BRDA:57,10,0,14
BRDA:57,10,1,0
BRDA:62,11,0,14
BRDA:62,11,1,0
BRDA:63,12,0,14
BRDA:63,12,1,0
BRDA:71,13,0,20
BRDA:71,13,1,3
BRDA:72,14,0,0
BRDA:72,15,0,20
BRDA:72,15,1,3
BRDA:76,16,0,17
BRDA:76,16,1,3
BRDA:86,17,0,14
BRDA:86,17,1,0
BRDA:97,18,0,6
BRDA:97,18,1,1
BRDA:98,19,0,6
BRDA:98,19,1,1
BRDA:99,20,0,5
BRDA:99,20,1,2
BRDA:99,21,0,0
BRDA:99,21,1,2
BRDA:103,22,0,6
BRDA:103,22,1,1
BRDA:107,23,0,6
BRDA:107,23,1,1
BRDA:108,24,0,6
BRDA:108,24,1,1
BRDA:111,25,0,5
BRDA:111,25,1,0
BRDA:112,26,0,0
BRDA:112,26,1,5
BRDA:114,27,0,0
BRDA:114,27,1,0
BRDA:115,28,0,0
BRDA:115,28,1,0
BRDA:118,29,0,0
BRDA:118,29,1,5
BRDA:120,30,0,0
BRDA:120,30,1,0
BRDA:121,31,0,0
BRDA:121,31,1,0
BRDA:124,32,0,0
BRDA:124,32,1,5
BRDA:124,33,0,0
BRDA:124,33,1,5
BRF:66
BRH:45
end_of_record
TN:
SF:src\app\features\players\services\file-player-crud.service.ts
FN:15,(anonymous_0)
FN:19,(anonymous_1)
FN:23,(anonymous_2)
FN:27,(anonymous_3)
FN:33,(anonymous_4)
FN:34,(anonymous_5)
FN:35,(anonymous_6)
FN:35,(anonymous_7)
FN:36,(anonymous_8)
FN:36,(anonymous_9)
FN:37,(anonymous_10)
FN:37,(anonymous_11)
FNF:12
FNH:0
FNDA:0,(anonymous_0)
FNDA:0,(anonymous_1)
FNDA:0,(anonymous_2)
FNDA:0,(anonymous_3)
FNDA:0,(anonymous_4)
FNDA:0,(anonymous_5)
FNDA:0,(anonymous_6)
FNDA:0,(anonymous_7)
FNDA:0,(anonymous_8)
FNDA:0,(anonymous_9)
FNDA:0,(anonymous_10)
FNDA:0,(anonymous_11)
DA:1,1
DA:2,1
DA:11,1
DA:12,0
DA:13,0
DA:16,0
DA:17,0
DA:20,0
DA:21,0
DA:24,0
DA:25,0
DA:28,0
DA:29,0
DA:33,0
DA:34,0
DA:35,0
DA:36,0
DA:37,0
LF:18
LH:3
BRDA:16,0,0,0
BRDA:17,1,0,0
BRDA:20,2,0,0
BRDA:21,3,0,0
BRDA:24,4,0,0
BRDA:25,5,0,0
BRDA:28,6,0,0
BRDA:29,7,0,0
BRDA:33,8,0,0
BRDA:33,8,1,0
BRDA:35,9,0,0
BRDA:35,9,1,0
BRDA:35,10,0,0
BRDA:35,10,1,0
BRDA:35,11,0,0
BRDA:35,11,1,0
BRDA:36,12,0,0
BRDA:37,13,0,0
BRF:18
BRH:0
end_of_record
TN:
SF:src\app\features\players\services\firebase-feature-loader.service.ts
FN:15,(anonymous_0)
FN:19,(anonymous_1)
FNF:2
FNH:0
FNDA:0,(anonymous_0)
FNDA:0,(anonymous_1)
DA:1,1
DA:2,1
DA:10,1
DA:11,0
DA:12,0
DA:13,0
DA:16,0
DA:17,0
DA:19,0
DA:20,0
DA:22,0
DA:23,0
DA:24,0
DA:25,0
DA:26,0
DA:28,0
LF:16
LH:3
BRDA:16,0,0,0
BRDA:17,1,0,0
BRF:2
BRH:0
end_of_record
TN:
SF:src\app\features\players\services\offline-player-queue.service.ts
FN:19,(anonymous_0)
FN:25,(anonymous_1)
FN:30,(anonymous_2)
FN:31,(anonymous_3)
FN:33,(anonymous_4)
FN:44,(anonymous_5)
FN:51,(anonymous_6)
FN:56,(anonymous_7)
FN:69,(anonymous_8)
FN:72,(anonymous_9)
FNF:10
FNH:8
FNDA:3,(anonymous_0)
FNDA:4,(anonymous_1)
FNDA:2,(anonymous_2)
FNDA:0,(anonymous_3)
FNDA:2,(anonymous_4)
FNDA:3,(anonymous_5)
FNDA:1,(anonymous_6)
FNDA:0,(anonymous_7)
FNDA:6,(anonymous_8)
FNDA:3,(anonymous_9)
DA:1,2
DA:12,2
DA:13,3
DA:14,3
DA:15,3
DA:20,3
DA:21,3
DA:22,3
DA:26,4
DA:27,4
DA:30,2
DA:31,0
DA:34,2
DA:35,2
DA:36,2
DA:37,2
DA:38,2
DA:40,3
DA:41,5
DA:42,5
DA:43,2
DA:44,3
DA:45,2
DA:47,3
DA:48,3
DA:49,3
DA:50,1
DA:51,1
DA:52,1
DA:54,2
DA:55,2
DA:56,0
DA:63,2
DA:64,2
DA:66,2
DA:70,6
DA:73,3
LF:37
LH:35
BRDA:19,0,0,0
BRDA:19,1,0,0
BRDA:34,2,0,0
BRDA:49,3,0,1
BRDA:49,3,1,2
BRDA:55,4,0,0
BRDA:73,5,0,0
BRF:7
BRH:2
end_of_record
TN:
SF:src\app\features\players\services\player-data-facade.service.ts
FN:42,(anonymous_0)
FN:53,(anonymous_1)
FN:55,(anonymous_2)
FN:59,(anonymous_3)
FN:63,(anonymous_4)
FN:66,(anonymous_5)
FN:89,(anonymous_6)
FN:96,(anonymous_7)
FN:104,(anonymous_8)
FN:109,(anonymous_9)
FN:110,(anonymous_10)
FN:115,(anonymous_11)
FN:118,(anonymous_12)
FN:128,(anonymous_13)
FN:132,(anonymous_14)
FN:142,(anonymous_15)
FN:177,(anonymous_16)
FN:195,(anonymous_17)
FN:217,(anonymous_18)
FN:224,(anonymous_19)
FN:245,(anonymous_20)
FNF:21
FNH:11
FNDA:6,(anonymous_0)
FNDA:1,(anonymous_1)
FNDA:1,(anonymous_2)
FNDA:0,(anonymous_3)
FNDA:1,(anonymous_4)
FNDA:0,(anonymous_5)
FNDA:1,(anonymous_6)
FNDA:2,(anonymous_7)
FNDA:1,(anonymous_8)
FNDA:1,(anonymous_9)
FNDA:0,(anonymous_10)
FNDA:0,(anonymous_11)
FNDA:0,(anonymous_12)
FNDA:1,(anonymous_13)
FNDA:0,(anonymous_14)
FNDA:1,(anonymous_15)
FNDA:0,(anonymous_16)
FNDA:0,(anonymous_17)
FNDA:0,(anonymous_18)
FNDA:0,(anonymous_19)
FNDA:1,(anonymous_20)
DA:1,1
DA:2,1
DA:3,1
DA:5,1
DA:6,1
DA:7,1
DA:8,1
DA:9,1
DA:31,1
DA:32,1
DA:33,1
DA:34,1
DA:35,1
DA:36,1
DA:39,1
DA:40,1
DA:41,1
DA:42,6
DA:43,1
DA:44,1
DA:45,1
DA:46,1
DA:48,1
DA:49,1
DA:50,1
DA:53,1
DA:57,1
DA:59,1
DA:60,1
DA:64,1
DA:65,0
DA:66,0
DA:67,0
DA:69,0
DA:70,0
DA:75,0
DA:77,0
DA:78,0
DA:79,0
DA:81,0
DA:82,0
DA:83,0
DA:90,1
DA:91,1
DA:92,1
DA:93,1
DA:98,2
DA:99,2
DA:100,1
DA:101,1
DA:104,1
DA:105,1
DA:106,1
DA:107,1
DA:108,1
DA:109,1
DA:110,0
DA:113,0
DA:115,0
DA:119,0
DA:120,0
DA:124,0
DA:129,1
DA:130,1
DA:131,1
DA:132,0
DA:133,0
DA:134,0
DA:136,1
DA:138,1
DA:143,1
DA:144,1
DA:145,1
DA:146,1
DA:147,1
DA:148,1
DA:149,1
DA:150,1
DA:152,0
DA:153,0
DA:155,1
DA:158,0
DA:159,0
DA:160,0
DA:161,0
DA:163,0
DA:164,0
DA:169,0
DA:171,0
DA:172,0
DA:178,0
DA:179,0
DA:180,0
DA:181,0
DA:182,0
DA:192,0
DA:193,0
DA:194,0
DA:195,0
DA:196,0
DA:199,0
DA:201,0
DA:204,0
DA:205,0
DA:206,0
DA:207,0
DA:209,0
DA:210,0
DA:212,0
DA:218,0
DA:219,0
DA:220,0
DA:221,0
DA:222,0
DA:223,0
DA:224,0
DA:227,0
DA:229,0
DA:232,0
DA:233,0
DA:234,0
DA:235,0
DA:237,0
DA:238,0
DA:240,0
DA:246,1
DA:247,1
LF:127
LH:60
BRDA:40,0,0,1
BRDA:40,0,1,0
BRDA:60,1,0,1
BRDA:64,2,0,1
BRDA:65,3,0,0
BRDA:67,4,0,0
BRDA:67,4,1,0
BRDA:67,4,2,0
BRDA:69,5,0,0
BRDA:72,6,0,0
BRDA:72,6,1,0
BRDA:73,7,0,0
BRDA:73,7,1,0
BRDA:77,8,0,0
BRDA:81,9,0,0
BRDA:90,10,0,0
BRDA:98,11,0,0
BRDA:99,12,0,1
BRDA:105,13,0,0
BRDA:119,14,0,0
BRDA:119,14,1,0
BRDA:143,15,0,1
BRDA:143,15,1,0
BRDA:147,16,0,0
BRDA:159,17,0,0
BRDA:163,18,0,0
BRDA:166,19,0,0
BRDA:166,19,1,0
BRDA:167,20,0,0
BRDA:167,20,1,0
BRDA:178,21,0,0
BRDA:178,21,1,0
BRDA:193,22,0,0
BRDA:195,23,0,0
BRDA:195,23,1,0
BRDA:205,24,0,0
BRDA:209,25,0,0
BRDA:218,26,0,0
BRDA:218,26,1,0
BRDA:223,27,0,0
BRDA:233,28,0,0
BRDA:237,29,0,0
BRDA:249,30,0,1
BRDA:249,30,1,0
BRDA:250,31,0,1
BRDA:250,31,1,1
BRDA:251,32,0,1
BRDA:251,32,1,0
BRDA:251,33,0,1
BRDA:251,33,1,1
BRDA:252,34,0,1
BRDA:252,34,1,0
BRDA:253,35,0,1
BRDA:253,35,1,1
BRDA:254,36,0,1
BRDA:254,36,1,1
BRDA:255,37,0,1
BRDA:255,37,1,1
BRDA:255,37,2,1
BRDA:256,38,0,1
BRDA:256,38,1,1
BRDA:257,39,0,1
BRDA:257,39,1,1
BRDA:257,39,2,1
BRF:64
BRH:24
end_of_record
TN:
SF:src\app\features\players\services\player-facade.dynamic.ts
FN:20,(anonymous_0)
FN:23,(anonymous_1)
FN:25,(anonymous_2)
FNF:3
FNH:3
FNDA:2,(anonymous_0)
FNDA:1,(anonymous_1)
FNDA:1,(anonymous_2)
DA:1,2
DA:16,2
DA:17,1
DA:18,1
DA:21,2
DA:22,1
DA:23,1
DA:25,2
DA:26,1
DA:27,1
DA:28,1
DA:30,1
LF:12
LH:12
BRDA:21,0,0,1
BRDA:22,1,0,0
BRF:2
BRH:1
end_of_record
TN:
SF:src\app\services\firebase-core.service.ts
FN:16,(anonymous_0)
FN:24,(anonymous_1)
FN:29,(anonymous_2)
FN:30,(anonymous_3)
FN:48,(anonymous_4)
FN:59,(anonymous_5)
FNF:6
FNH:0
FNDA:0,(anonymous_0)
FNDA:0,(anonymous_1)
FNDA:0,(anonymous_2)
FNDA:0,(anonymous_3)
FNDA:0,(anonymous_4)
FNDA:0,(anonymous_5)
DA:1,1
DA:5,1
DA:8,1
DA:9,0
DA:10,0
DA:11,0
DA:13,0
DA:14,0
DA:17,0
DA:18,0
DA:19,0
DA:25,0
DA:26,0
DA:28,0
DA:29,0
DA:30,0
DA:32,0
DA:34,0
DA:36,0
DA:37,0
DA:38,0
DA:39,0
DA:40,0
DA:41,0
DA:43,0
DA:44,0
DA:49,0
DA:50,0
DA:51,0
DA:53,0
DA:54,0
DA:59,0
LF:32
LH:3
BRDA:17,0,0,0
BRDA:25,1,0,0
BRDA:38,2,0,0
BRDA:38,2,1,0
BRDA:49,3,0,0
BRDA:49,4,0,0
BRDA:49,4,1,0
BRDA:49,4,2,0
BRDA:50,5,0,0
BRF:9
BRH:0
end_of_record
