TN:
SF:src\app\config\firebase.config.ts
FNF:0
FNH:0
DA:2,1
DA:3,1
DA:7,1
DA:18,1
DA:26,1
DA:27,1
DA:28,1
DA:29,1
DA:30,1
DA:31,1
DA:32,1
DA:33,1
DA:34,1
DA:35,1
DA:36,1
DA:37,1
DA:40,1
DA:43,1
DA:45,1
DA:46,0
DA:48,0
DA:49,0
DA:50,0
DA:51,0
DA:53,0
DA:54,0
DA:56,0
DA:59,0
DA:61,0
DA:62,0
DA:65,1
DA:68,1
LF:32
LH:21
BRDA:18,0,0,1
BRDA:18,0,1,1
BRDA:18,0,2,1
BRDA:18,0,3,1
BRDA:18,0,4,1
BRDA:18,0,5,1
BRDA:18,0,6,1
BRDA:26,1,0,1
BRDA:45,2,0,0
BRDA:45,2,1,1
BRDA:49,3,0,0
BRDA:49,3,1,0
BRF:12
BRH:9
end_of_record
TN:
SF:src\app\core\models\player.model.ts
FN:100,(anonymous_0)
FN:108,(anonymous_1)
FNF:2
FNH:2
FNDA:1,(anonymous_0)
FNDA:1,(anonymous_1)
DA:100,1
DA:101,1
DA:102,1
DA:103,1
DA:104,1
DA:105,1
DA:108,1
DA:109,1
DA:110,1
DA:111,1
DA:112,1
DA:113,1
DA:114,1
DA:115,1
DA:116,1
DA:117,1
DA:118,1
DA:119,1
DA:159,1
DA:181,1
LF:20
LH:20
BRDA:100,0,0,1
BRDA:100,0,1,1
BRDA:108,1,0,1
BRDA:108,1,1,1
BRF:4
BRH:4
end_of_record
TN:
SF:src\app\features\players\services\file-player-crud.service.ts
FN:15,(anonymous_0)
FN:19,(anonymous_1)
FN:23,(anonymous_2)
FN:27,(anonymous_3)
FN:33,(anonymous_4)
FN:34,(anonymous_5)
FN:35,(anonymous_6)
FN:35,(anonymous_7)
FN:36,(anonymous_8)
FN:36,(anonymous_9)
FN:37,(anonymous_10)
FN:37,(anonymous_11)
FNF:12
FNH:0
FNDA:0,(anonymous_0)
FNDA:0,(anonymous_1)
FNDA:0,(anonymous_2)
FNDA:0,(anonymous_3)
FNDA:0,(anonymous_4)
FNDA:0,(anonymous_5)
FNDA:0,(anonymous_6)
FNDA:0,(anonymous_7)
FNDA:0,(anonymous_8)
FNDA:0,(anonymous_9)
FNDA:0,(anonymous_10)
FNDA:0,(anonymous_11)
DA:1,1
DA:2,1
DA:11,1
DA:12,0
DA:13,0
DA:16,0
DA:17,0
DA:20,0
DA:21,0
DA:24,0
DA:25,0
DA:28,0
DA:29,0
DA:33,0
DA:34,0
DA:35,0
DA:36,0
DA:37,0
LF:18
LH:3
BRDA:16,0,0,0
BRDA:17,1,0,0
BRDA:20,2,0,0
BRDA:21,3,0,0
BRDA:24,4,0,0
BRDA:25,5,0,0
BRDA:28,6,0,0
BRDA:29,7,0,0
BRDA:33,8,0,0
BRDA:33,8,1,0
BRDA:35,9,0,0
BRDA:35,9,1,0
BRDA:35,10,0,0
BRDA:35,10,1,0
BRDA:35,11,0,0
BRDA:35,11,1,0
BRDA:36,12,0,0
BRDA:37,13,0,0
BRF:18
BRH:0
end_of_record
TN:
SF:src\app\features\players\services\firebase-feature-loader.service.ts
FN:15,(anonymous_0)
FN:19,(anonymous_1)
FNF:2
FNH:0
FNDA:0,(anonymous_0)
FNDA:0,(anonymous_1)
DA:1,1
DA:2,1
DA:10,1
DA:11,0
DA:12,0
DA:13,0
DA:16,0
DA:17,0
DA:19,0
DA:20,0
DA:22,0
DA:23,0
DA:24,0
DA:25,0
DA:26,0
DA:28,0
LF:16
LH:3
BRDA:16,0,0,0
BRDA:17,1,0,0
BRF:2
BRH:0
end_of_record
TN:
SF:src\app\features\players\services\offline-player-queue.service.ts
FN:19,(anonymous_0)
FN:25,(anonymous_1)
FN:30,(anonymous_2)
FN:31,(anonymous_3)
FN:33,(anonymous_4)
FN:44,(anonymous_5)
FN:51,(anonymous_6)
FN:56,(anonymous_7)
FN:69,(anonymous_8)
FN:72,(anonymous_9)
FNF:10
FNH:0
FNDA:0,(anonymous_0)
FNDA:0,(anonymous_1)
FNDA:0,(anonymous_2)
FNDA:0,(anonymous_3)
FNDA:0,(anonymous_4)
FNDA:0,(anonymous_5)
FNDA:0,(anonymous_6)
FNDA:0,(anonymous_7)
FNDA:0,(anonymous_8)
FNDA:0,(anonymous_9)
DA:1,1
DA:12,1
DA:13,0
DA:14,0
DA:15,0
DA:20,0
DA:21,0
DA:22,0
DA:26,0
DA:27,0
DA:30,0
DA:31,0
DA:34,0
DA:35,0
DA:36,0
DA:37,0
DA:38,0
DA:40,0
DA:41,0
DA:42,0
DA:43,0
DA:44,0
DA:45,0
DA:47,0
DA:48,0
DA:49,0
DA:50,0
DA:51,0
DA:52,0
DA:54,0
DA:55,0
DA:56,0
DA:63,0
DA:64,0
DA:66,0
DA:70,0
DA:73,0
LF:37
LH:2
BRDA:19,0,0,0
BRDA:19,1,0,0
BRDA:34,2,0,0
BRDA:49,3,0,0
BRDA:49,3,1,0
BRDA:55,4,0,0
BRDA:73,5,0,0
BRF:7
BRH:0
end_of_record
TN:
SF:src\app\features\players\services\player-data-facade.service.ts
FN:43,(anonymous_0)
FN:54,(anonymous_1)
FN:56,(anonymous_2)
FN:69,(anonymous_3)
FN:73,(anonymous_4)
FN:77,(anonymous_5)
FN:100,(anonymous_6)
FN:107,(anonymous_7)
FN:118,(anonymous_8)
FN:123,(anonymous_9)
FN:124,(anonymous_10)
FN:129,(anonymous_11)
FN:132,(anonymous_12)
FN:142,(anonymous_13)
FN:148,(anonymous_14)
FN:158,(anonymous_15)
FN:167,(anonymous_16)
FN:196,(anonymous_17)
FN:215,(anonymous_18)
FN:237,(anonymous_19)
FN:245,(anonymous_20)
FN:266,(anonymous_21)
FNF:22
FNH:13
FNDA:6,(anonymous_0)
FNDA:1,(anonymous_1)
FNDA:1,(anonymous_2)
FNDA:0,(anonymous_3)
FNDA:1,(anonymous_4)
FNDA:0,(anonymous_5)
FNDA:1,(anonymous_6)
FNDA:2,(anonymous_7)
FNDA:1,(anonymous_8)
FNDA:1,(anonymous_9)
FNDA:0,(anonymous_10)
FNDA:0,(anonymous_11)
FNDA:0,(anonymous_12)
FNDA:1,(anonymous_13)
FNDA:1,(anonymous_14)
FNDA:1,(anonymous_15)
FNDA:1,(anonymous_16)
FNDA:0,(anonymous_17)
FNDA:0,(anonymous_18)
FNDA:0,(anonymous_19)
FNDA:0,(anonymous_20)
FNDA:2,(anonymous_21)
DA:1,1
DA:2,1
DA:3,1
DA:5,1
DA:6,1
DA:7,1
DA:8,1
DA:9,1
DA:31,1
DA:37,1
DA:40,1
DA:41,1
DA:42,1
DA:43,6
DA:44,1
DA:45,1
DA:46,1
DA:47,1
DA:49,1
DA:50,1
DA:51,1
DA:54,1
DA:58,1
DA:59,1
DA:60,1
DA:61,1
DA:62,1
DA:67,1
DA:69,1
DA:70,1
DA:74,1
DA:75,0
DA:76,0
DA:77,0
DA:78,0
DA:80,0
DA:81,0
DA:86,0
DA:88,0
DA:89,0
DA:90,0
DA:92,0
DA:93,0
DA:94,0
DA:101,1
DA:102,1
DA:103,1
DA:104,1
DA:109,2
DA:110,2
DA:111,1
DA:112,1
DA:115,1
DA:116,1
DA:117,1
DA:118,1
DA:119,1
DA:120,1
DA:121,1
DA:122,1
DA:123,1
DA:124,0
DA:127,0
DA:129,0
DA:133,0
DA:134,0
DA:138,0
DA:143,1
DA:144,1
DA:145,1
DA:146,1
DA:147,1
DA:148,1
DA:149,1
DA:150,1
DA:152,0
DA:154,1
DA:159,1
DA:160,1
DA:161,1
DA:162,1
DA:163,1
DA:164,1
DA:165,1
DA:167,1
DA:168,1
DA:169,1
DA:171,0
DA:172,0
DA:174,1
DA:177,0
DA:178,0
DA:179,0
DA:180,0
DA:182,0
DA:183,0
DA:188,0
DA:190,0
DA:191,0
DA:197,0
DA:198,0
DA:199,0
DA:200,0
DA:201,0
DA:202,0
DA:212,0
DA:213,0
DA:214,0
DA:215,0
DA:216,0
DA:219,0
DA:221,0
DA:224,0
DA:225,0
DA:226,0
DA:227,0
DA:229,0
DA:230,0
DA:232,0
DA:238,0
DA:239,0
DA:240,0
DA:241,0
DA:242,0
DA:243,0
DA:244,0
DA:245,0
DA:248,0
DA:250,0
DA:253,0
DA:254,0
DA:255,0
DA:256,0
DA:258,0
DA:259,0
DA:261,0
DA:267,2
DA:268,2
LF:138
LH:70
BRDA:41,0,0,1
BRDA:41,0,1,0
BRDA:70,1,0,1
BRDA:74,2,0,1
BRDA:76,3,0,0
BRDA:76,4,0,0
BRDA:76,4,1,0
BRDA:78,5,0,0
BRDA:78,5,1,0
BRDA:78,5,2,0
BRDA:80,6,0,0
BRDA:83,7,0,0
BRDA:83,7,1,0
BRDA:84,8,0,0
BRDA:84,8,1,0
BRDA:88,9,0,0
BRDA:92,10,0,0
BRDA:101,11,0,0
BRDA:109,12,0,0
BRDA:110,13,0,1
BRDA:117,14,0,0
BRDA:117,15,0,1
BRDA:117,15,1,1
BRDA:119,16,0,0
BRDA:133,17,0,0
BRDA:133,17,1,0
BRDA:146,18,0,0
BRDA:159,19,0,1
BRDA:159,19,1,0
BRDA:162,20,0,0
BRDA:164,21,0,0
BRDA:178,22,0,0
BRDA:182,23,0,0
BRDA:185,24,0,0
BRDA:185,24,1,0
BRDA:186,25,0,0
BRDA:186,25,1,0
BRDA:197,26,0,0
BRDA:197,26,1,0
BRDA:200,27,0,0
BRDA:213,28,0,0
BRDA:215,29,0,0
BRDA:215,29,1,0
BRDA:225,30,0,0
BRDA:229,31,0,0
BRDA:238,32,0,0
BRDA:238,32,1,0
BRDA:241,33,0,0
BRDA:244,34,0,0
BRDA:254,35,0,0
BRDA:258,36,0,0
BRDA:270,37,0,2
BRDA:270,37,1,0
BRDA:271,38,0,2
BRDA:271,38,1,2
BRDA:272,39,0,2
BRDA:272,39,1,0
BRDA:272,40,0,2
BRDA:272,40,1,2
BRDA:273,41,0,2
BRDA:273,41,1,0
BRDA:274,42,0,2
BRDA:274,42,1,2
BRDA:275,43,0,2
BRDA:275,43,1,2
BRDA:276,44,0,2
BRDA:276,44,1,2
BRDA:276,44,2,2
BRDA:277,45,0,2
BRDA:277,45,1,2
BRDA:278,46,0,2
BRDA:278,46,1,2
BRDA:278,46,2,2
BRF:73
BRH:26
end_of_record
TN:
SF:src\app\features\players\services\player-facade.dynamic.ts
FN:20,(anonymous_0)
FN:23,(anonymous_1)
FN:25,(anonymous_2)
FNF:3
FNH:0
FNDA:0,(anonymous_0)
FNDA:0,(anonymous_1)
FNDA:0,(anonymous_2)
DA:1,1
DA:16,1
DA:17,0
DA:18,0
DA:21,0
DA:22,0
DA:23,0
DA:25,0
DA:26,0
DA:27,0
DA:28,0
DA:30,0
LF:12
LH:2
BRDA:21,0,0,0
BRDA:22,1,0,0
BRF:2
BRH:0
end_of_record
TN:
SF:src\app\services\firebase-core.service.ts
FN:19,(anonymous_0)
FN:28,(anonymous_1)
FN:56,(anonymous_2)
FN:67,(anonymous_3)
FN:69,(anonymous_4)
FN:82,(anonymous_5)
FNF:6
FNH:0
FNDA:0,(anonymous_0)
FNDA:0,(anonymous_1)
FNDA:0,(anonymous_2)
FNDA:0,(anonymous_3)
FNDA:0,(anonymous_4)
FNDA:0,(anonymous_5)
DA:1,1
DA:4,1
DA:5,1
DA:7,1
DA:10,1
DA:11,0
DA:12,0
DA:13,0
DA:14,0
DA:16,0
DA:17,0
DA:20,0
DA:21,0
DA:22,0
DA:23,0
DA:29,0
DA:30,0
DA:31,0
DA:32,0
DA:33,0
DA:34,0
DA:36,0
DA:37,0
DA:38,0
DA:40,0
DA:41,0
DA:42,0
DA:45,0
DA:46,0
DA:47,0
DA:49,0
DA:50,0
DA:51,0
DA:52,0
DA:57,0
DA:58,0
DA:59,0
DA:61,0
DA:62,0
DA:67,0
DA:70,0
DA:83,0
DA:84,0
LF:43
LH:5
BRDA:20,0,0,0
BRDA:29,1,0,0
BRDA:33,2,0,0
BRDA:33,2,1,0
BRDA:50,3,0,0
BRDA:50,3,1,0
BRDA:57,4,0,0
BRDA:57,5,0,0
BRDA:57,5,1,0
BRDA:57,5,2,0
BRDA:58,6,0,0
BRDA:76,7,0,0
BRDA:76,7,1,0
BRDA:82,8,0,0
BRF:14
BRH:0
end_of_record
